[17-Jan-2025 10:03:43 UTC] PHP Warning:  Undefined array key "file" in /Users/viktorakerstedt/Local Sites/nordicfeedhorseline/app/public/wp-includes/media.php on line 1763
[17-Jan-2025 10:03:45 UTC] PHP Warning:  Trying to access array offset on value of type bool in /Users/viktorakerstedt/Local Sites/nordicfeedhorseline/app/public/wp-content/plugins/wpmudev-updates/includes/class-wpmudev-dashboard-site.php on line 2670
[17-Jan-2025 10:04:06 UTC] Cron reschedule event error for hook: wdf_maybe_send_report, Error code: invalid_schedule, Error message: Event schedule does not exist., Data: {"schedule":"thirty_minutes","args":[],"interval":1800}
[17-Jan-2025 10:26:52 UTC] PHP Warning:  Undefined array key "file" in /Users/viktorakerstedt/Local Sites/nordicfeedhorseline/app/public/wp-includes/media.php on line 1763
[17-Jan-2025 10:27:02 UTC] PHP Warning:  Undefined array key "file" in /Users/viktorakerstedt/Local Sites/nordicfeedhorseline/app/public/wp-includes/media.php on line 1763
[17-Jan-2025 12:47:02 UTC] PHP Fatal error:  Uncaught Error: Call to a member function get_gallery_image_ids() on bool in /Users/viktorakerstedt/Local Sites/nordicfeedhorseline/app/public/wp-content/plugins/elementor/modules/ai/module.php:231
Stack trace:
#0 /Users/viktorakerstedt/Local Sites/nordicfeedhorseline/app/public/wp-includes/class-wp-hook.php(324): Elementor\Modules\Ai\Module->get_product_images_ajax('')
#1 /Users/viktorakerstedt/Local Sites/nordicfeedhorseline/app/public/wp-includes/class-wp-hook.php(348): WP_Hook->apply_filters('', Array)
#2 /Users/viktorakerstedt/Local Sites/nordicfeedhorseline/app/public/wp-includes/plugin.php(517): WP_Hook->do_action(Array)
#3 /Users/viktorakerstedt/Local Sites/nordicfeedhorseline/app/public/wp-admin/admin-ajax.php(192): do_action('wp_ajax_element...')
#4 {main}
  thrown in /Users/viktorakerstedt/Local Sites/nordicfeedhorseline/app/public/wp-content/plugins/elementor/modules/ai/module.php on line 231
[17-Jan-2025 12:47:50 UTC] PHP Warning:  Undefined array key "file" in /Users/viktorakerstedt/Local Sites/nordicfeedhorseline/app/public/wp-includes/media.php on line 1763
[17-Jan-2025 12:48:23 UTC] Fel vid förnyad schemalagd händelse för åtgärds-hooken action_scheduler_run_queue. Felkod: could_not_set, felmeddelande: Det gick inte att spara listan med cron-händelser., data: {"schedule":"every_minute","args":["WP Cron"],"interval":60}
[17-Jan-2025 12:52:43 UTC] PHP Warning:  foreach() argument must be of type array|object, bool given in /Users/viktorakerstedt/Local Sites/nordicfeedhorseline/app/public/wp-content/plugins/elementor/includes/db.php on line 267
[17-Jan-2025 12:52:43 UTC] PHP Warning:  foreach() argument must be of type array|object, int given in /Users/viktorakerstedt/Local Sites/nordicfeedhorseline/app/public/wp-content/plugins/elementor/includes/db.php on line 267
[17-Jan-2025 12:52:43 UTC] PHP Warning:  foreach() argument must be of type array|object, bool given in /Users/viktorakerstedt/Local Sites/nordicfeedhorseline/app/public/wp-content/plugins/elementor/includes/db.php on line 267
[17-Jan-2025 12:52:43 UTC] PHP Warning:  foreach() argument must be of type array|object, int given in /Users/viktorakerstedt/Local Sites/nordicfeedhorseline/app/public/wp-content/plugins/elementor/includes/db.php on line 267
[17-Jan-2025 12:52:43 UTC] PHP Warning:  foreach() argument must be of type array|object, bool given in /Users/viktorakerstedt/Local Sites/nordicfeedhorseline/app/public/wp-content/plugins/elementor/includes/db.php on line 267
[17-Jan-2025 12:52:43 UTC] PHP Warning:  foreach() argument must be of type array|object, int given in /Users/viktorakerstedt/Local Sites/nordicfeedhorseline/app/public/wp-content/plugins/elementor/includes/db.php on line 267
[17-Jan-2025 12:52:43 UTC] PHP Warning:  foreach() argument must be of type array|object, bool given in /Users/viktorakerstedt/Local Sites/nordicfeedhorseline/app/public/wp-content/plugins/elementor/includes/db.php on line 267
[17-Jan-2025 12:52:43 UTC] PHP Warning:  foreach() argument must be of type array|object, int given in /Users/viktorakerstedt/Local Sites/nordicfeedhorseline/app/public/wp-content/plugins/elementor/includes/db.php on line 267
[17-Jan-2025 12:52:43 UTC] PHP Warning:  foreach() argument must be of type array|object, bool given in /Users/viktorakerstedt/Local Sites/nordicfeedhorseline/app/public/wp-content/plugins/elementor/includes/db.php on line 267
[17-Jan-2025 12:52:43 UTC] PHP Warning:  foreach() argument must be of type array|object, int given in /Users/viktorakerstedt/Local Sites/nordicfeedhorseline/app/public/wp-content/plugins/elementor/includes/db.php on line 267
[17-Jan-2025 12:52:43 UTC] PHP Warning:  foreach() argument must be of type array|object, bool given in /Users/viktorakerstedt/Local Sites/nordicfeedhorseline/app/public/wp-content/plugins/elementor/includes/db.php on line 267
[17-Jan-2025 12:52:43 UTC] PHP Warning:  foreach() argument must be of type array|object, int given in /Users/viktorakerstedt/Local Sites/nordicfeedhorseline/app/public/wp-content/plugins/elementor/includes/db.php on line 267
[17-Jan-2025 12:52:43 UTC] PHP Warning:  foreach() argument must be of type array|object, bool given in /Users/viktorakerstedt/Local Sites/nordicfeedhorseline/app/public/wp-content/plugins/elementor/includes/db.php on line 267
[17-Jan-2025 12:52:43 UTC] PHP Warning:  foreach() argument must be of type array|object, int given in /Users/viktorakerstedt/Local Sites/nordicfeedhorseline/app/public/wp-content/plugins/elementor/includes/db.php on line 267
[17-Jan-2025 12:52:43 UTC] PHP Warning:  foreach() argument must be of type array|object, bool given in /Users/viktorakerstedt/Local Sites/nordicfeedhorseline/app/public/wp-content/plugins/elementor/includes/db.php on line 267
[17-Jan-2025 12:52:43 UTC] PHP Warning:  foreach() argument must be of type array|object, int given in /Users/viktorakerstedt/Local Sites/nordicfeedhorseline/app/public/wp-content/plugins/elementor/includes/db.php on line 267
[17-Jan-2025 12:52:43 UTC] PHP Warning:  foreach() argument must be of type array|object, bool given in /Users/viktorakerstedt/Local Sites/nordicfeedhorseline/app/public/wp-content/plugins/elementor/includes/db.php on line 267
[17-Jan-2025 12:52:43 UTC] PHP Warning:  foreach() argument must be of type array|object, int given in /Users/viktorakerstedt/Local Sites/nordicfeedhorseline/app/public/wp-content/plugins/elementor/includes/db.php on line 267
[17-Jan-2025 12:52:43 UTC] PHP Warning:  foreach() argument must be of type array|object, bool given in /Users/viktorakerstedt/Local Sites/nordicfeedhorseline/app/public/wp-content/plugins/elementor/includes/db.php on line 267
[17-Jan-2025 12:52:43 UTC] PHP Warning:  foreach() argument must be of type array|object, int given in /Users/viktorakerstedt/Local Sites/nordicfeedhorseline/app/public/wp-content/plugins/elementor/includes/db.php on line 267
[17-Jan-2025 12:52:43 UTC] PHP Warning:  foreach() argument must be of type array|object, bool given in /Users/viktorakerstedt/Local Sites/nordicfeedhorseline/app/public/wp-content/plugins/elementor/includes/db.php on line 267
[17-Jan-2025 12:52:43 UTC] PHP Warning:  foreach() argument must be of type array|object, int given in /Users/viktorakerstedt/Local Sites/nordicfeedhorseline/app/public/wp-content/plugins/elementor/includes/db.php on line 267
[17-Jan-2025 12:52:43 UTC] PHP Warning:  foreach() argument must be of type array|object, bool given in /Users/viktorakerstedt/Local Sites/nordicfeedhorseline/app/public/wp-content/plugins/elementor/includes/db.php on line 267
[17-Jan-2025 12:52:43 UTC] PHP Warning:  foreach() argument must be of type array|object, int given in /Users/viktorakerstedt/Local Sites/nordicfeedhorseline/app/public/wp-content/plugins/elementor/includes/db.php on line 267
[17-Jan-2025 12:52:43 UTC] PHP Warning:  foreach() argument must be of type array|object, bool given in /Users/viktorakerstedt/Local Sites/nordicfeedhorseline/app/public/wp-content/plugins/elementor/includes/db.php on line 267
[17-Jan-2025 12:52:43 UTC] PHP Warning:  foreach() argument must be of type array|object, int given in /Users/viktorakerstedt/Local Sites/nordicfeedhorseline/app/public/wp-content/plugins/elementor/includes/db.php on line 267
[17-Jan-2025 12:52:43 UTC] PHP Warning:  foreach() argument must be of type array|object, bool given in /Users/viktorakerstedt/Local Sites/nordicfeedhorseline/app/public/wp-content/plugins/elementor/includes/db.php on line 267
[17-Jan-2025 12:52:43 UTC] PHP Warning:  foreach() argument must be of type array|object, int given in /Users/viktorakerstedt/Local Sites/nordicfeedhorseline/app/public/wp-content/plugins/elementor/includes/db.php on line 267
[17-Jan-2025 12:52:43 UTC] PHP Warning:  foreach() argument must be of type array|object, bool given in /Users/viktorakerstedt/Local Sites/nordicfeedhorseline/app/public/wp-content/plugins/elementor/includes/db.php on line 267
[17-Jan-2025 12:52:43 UTC] PHP Warning:  foreach() argument must be of type array|object, int given in /Users/viktorakerstedt/Local Sites/nordicfeedhorseline/app/public/wp-content/plugins/elementor/includes/db.php on line 267
[17-Jan-2025 12:52:43 UTC] PHP Warning:  foreach() argument must be of type array|object, bool given in /Users/viktorakerstedt/Local Sites/nordicfeedhorseline/app/public/wp-content/plugins/elementor/includes/db.php on line 267
[17-Jan-2025 12:52:43 UTC] PHP Warning:  foreach() argument must be of type array|object, int given in /Users/viktorakerstedt/Local Sites/nordicfeedhorseline/app/public/wp-content/plugins/elementor/includes/db.php on line 267
[17-Jan-2025 12:52:43 UTC] PHP Warning:  foreach() argument must be of type array|object, bool given in /Users/viktorakerstedt/Local Sites/nordicfeedhorseline/app/public/wp-content/plugins/elementor/includes/db.php on line 267
[17-Jan-2025 12:52:43 UTC] PHP Warning:  foreach() argument must be of type array|object, int given in /Users/viktorakerstedt/Local Sites/nordicfeedhorseline/app/public/wp-content/plugins/elementor/includes/db.php on line 267
[17-Jan-2025 12:52:43 UTC] PHP Warning:  foreach() argument must be of type array|object, bool given in /Users/viktorakerstedt/Local Sites/nordicfeedhorseline/app/public/wp-content/plugins/elementor/includes/db.php on line 267
[17-Jan-2025 12:52:43 UTC] PHP Warning:  foreach() argument must be of type array|object, int given in /Users/viktorakerstedt/Local Sites/nordicfeedhorseline/app/public/wp-content/plugins/elementor/includes/db.php on line 267
[17-Jan-2025 12:52:43 UTC] PHP Warning:  foreach() argument must be of type array|object, bool given in /Users/viktorakerstedt/Local Sites/nordicfeedhorseline/app/public/wp-content/plugins/elementor/includes/db.php on line 267
[17-Jan-2025 12:52:43 UTC] PHP Warning:  foreach() argument must be of type array|object, int given in /Users/viktorakerstedt/Local Sites/nordicfeedhorseline/app/public/wp-content/plugins/elementor/includes/db.php on line 267
[17-Jan-2025 12:52:43 UTC] PHP Warning:  foreach() argument must be of type array|object, bool given in /Users/viktorakerstedt/Local Sites/nordicfeedhorseline/app/public/wp-content/plugins/elementor/includes/db.php on line 267
[17-Jan-2025 12:52:43 UTC] PHP Warning:  foreach() argument must be of type array|object, int given in /Users/viktorakerstedt/Local Sites/nordicfeedhorseline/app/public/wp-content/plugins/elementor/includes/db.php on line 267
[17-Jan-2025 12:52:43 UTC] PHP Warning:  foreach() argument must be of type array|object, bool given in /Users/viktorakerstedt/Local Sites/nordicfeedhorseline/app/public/wp-content/plugins/elementor/includes/db.php on line 267
[17-Jan-2025 12:52:43 UTC] PHP Warning:  foreach() argument must be of type array|object, int given in /Users/viktorakerstedt/Local Sites/nordicfeedhorseline/app/public/wp-content/plugins/elementor/includes/db.php on line 267
[17-Jan-2025 12:52:43 UTC] PHP Warning:  foreach() argument must be of type array|object, bool given in /Users/viktorakerstedt/Local Sites/nordicfeedhorseline/app/public/wp-content/plugins/elementor/includes/db.php on line 267
[17-Jan-2025 12:52:43 UTC] PHP Warning:  foreach() argument must be of type array|object, int given in /Users/viktorakerstedt/Local Sites/nordicfeedhorseline/app/public/wp-content/plugins/elementor/includes/db.php on line 267
[17-Jan-2025 12:52:43 UTC] PHP Warning:  foreach() argument must be of type array|object, bool given in /Users/viktorakerstedt/Local Sites/nordicfeedhorseline/app/public/wp-content/plugins/elementor/includes/db.php on line 267
[17-Jan-2025 12:52:43 UTC] PHP Warning:  foreach() argument must be of type array|object, int given in /Users/viktorakerstedt/Local Sites/nordicfeedhorseline/app/public/wp-content/plugins/elementor/includes/db.php on line 267
[17-Jan-2025 12:52:43 UTC] PHP Warning:  foreach() argument must be of type array|object, bool given in /Users/viktorakerstedt/Local Sites/nordicfeedhorseline/app/public/wp-content/plugins/elementor/includes/db.php on line 267
[17-Jan-2025 12:52:43 UTC] PHP Warning:  foreach() argument must be of type array|object, int given in /Users/viktorakerstedt/Local Sites/nordicfeedhorseline/app/public/wp-content/plugins/elementor/includes/db.php on line 267
[17-Jan-2025 12:54:06 UTC] PHP Warning:  Undefined array key "editor_post_id" in /Users/viktorakerstedt/Local Sites/nordicfeedhorseline/app/public/wp-content/plugins/elementor-pro/modules/theme-builder/classes/conditions-manager.php on line 182
[17-Jan-2025 12:54:06 UTC] PHP Warning:  Undefined array key "editor_post_id" in /Users/viktorakerstedt/Local Sites/nordicfeedhorseline/app/public/wp-content/plugins/elementor/modules/history/revisions-manager.php on line 363
[17-Jan-2025 13:01:14 UTC] Fel vid förnyad schemalagd händelse för åtgärds-hooken wpdef_quarantine_delete_expired. Felkod: invalid_schedule, felmeddelande: Schema för händelsen saknas., data: {"schedule":"thirty_days","args":[],"interval":2592000}
[17-Jan-2025 13:12:26 UTC] Fel vid borttagning av schemalagd händelse för åtgärds-hooken publish_future_post. Felkod: could_not_set, felmeddelande: Det gick inte att spara listan med cron-händelser., data: {"schedule":false,"args":["1725"]}
[17-Jan-2025 14:14:23 UTC] PHP Warning:  Undefined array key "file" in /Users/viktorakerstedt/Local Sites/nordicfeedhorseline/app/public/wp-includes/media.php on line 1763
[17-Jan-2025 14:23:00 UTC] Fel vid borttagning av schemalagd händelse för åtgärds-hooken publish_future_post. Felkod: could_not_set, felmeddelande: Det gick inte att spara listan med cron-händelser., data: {"schedule":false,"args":["1725"]}
[17-Jan-2025 14:49:38 UTC] PHP Warning:  Undefined array key "file" in /Users/viktorakerstedt/Local Sites/nordicfeedhorseline/app/public/wp-includes/media.php on line 1763
[17-Jan-2025 14:50:35 UTC] PHP Warning:  Undefined array key "file" in /Users/viktorakerstedt/Local Sites/nordicfeedhorseline/app/public/wp-includes/media.php on line 1763
[20-Jan-2025 08:25:19 UTC] PHP Warning:  Undefined array key "file" in /Users/viktorakerstedt/Local Sites/nordicfeedhorseline/app/public/wp-includes/media.php on line 1763
[20-Jan-2025 09:07:25 UTC] PHP Warning:  Array to string conversion in /Users/viktorakerstedt/Local Sites/nordicfeedhorseline/app/public/wp-includes/functions.php on line 3908
[20-Jan-2025 09:11:50 UTC] PHP Warning:  Array to string conversion in /Users/viktorakerstedt/Local Sites/nordicfeedhorseline/app/public/wp-includes/functions.php on line 3908
[20-Jan-2025 09:12:36 UTC] PHP Warning:  Array to string conversion in /Users/viktorakerstedt/Local Sites/nordicfeedhorseline/app/public/wp-includes/functions.php on line 3908
[20-Jan-2025 09:16:16 UTC] PHP Fatal error:  Uncaught Error: Undefined constant "‘WP_MEMORY_LIMIT’" in /Users/viktorakerstedt/Local Sites/nordicfeedhorseline/app/public/wp-config.php:88
Stack trace:
#0 /Users/viktorakerstedt/Local Sites/nordicfeedhorseline/app/public/wp-load.php(50): require_once()
#1 /Users/viktorakerstedt/Local Sites/nordicfeedhorseline/app/public/wp-admin/admin-ajax.php(22): require_once('/Users/viktorak...')
#2 {main}
  thrown in /Users/viktorakerstedt/Local Sites/nordicfeedhorseline/app/public/wp-config.php on line 88
[20-Jan-2025 09:16:18 UTC] PHP Fatal error:  Uncaught Error: Undefined constant "‘WP_MEMORY_LIMIT’" in /Users/viktorakerstedt/Local Sites/nordicfeedhorseline/app/public/wp-config.php:88
Stack trace:
#0 /Users/viktorakerstedt/Local Sites/nordicfeedhorseline/app/public/wp-load.php(50): require_once()
#1 /Users/viktorakerstedt/Local Sites/nordicfeedhorseline/app/public/wp-admin/admin.php(34): require_once('/Users/viktorak...')
#2 /Users/viktorakerstedt/Local Sites/nordicfeedhorseline/app/public/wp-admin/site-health.php(10): require_once('/Users/viktorak...')
#3 {main}
  thrown in /Users/viktorakerstedt/Local Sites/nordicfeedhorseline/app/public/wp-config.php on line 88
[20-Jan-2025 09:16:18 UTC] PHP Fatal error:  Uncaught Error: Undefined constant "‘WP_MEMORY_LIMIT’" in /Users/viktorakerstedt/Local Sites/nordicfeedhorseline/app/public/wp-config.php:88
Stack trace:
#0 /Users/viktorakerstedt/Local Sites/nordicfeedhorseline/app/public/wp-load.php(50): require_once()
#1 /Users/viktorakerstedt/Local Sites/nordicfeedhorseline/app/public/wp-blog-header.php(13): require_once('/Users/viktorak...')
#2 /Users/viktorakerstedt/Local Sites/nordicfeedhorseline/app/public/index.php(17): require('/Users/viktorak...')
#3 {main}
  thrown in /Users/viktorakerstedt/Local Sites/nordicfeedhorseline/app/public/wp-config.php on line 88
[20-Jan-2025 09:16:45 UTC] PHP Fatal error:  Uncaught Error: Undefined constant "‘WP_MEMORY_LIMIT’" in /Users/viktorakerstedt/Local Sites/nordicfeedhorseline/app/public/wp-config.php:88
Stack trace:
#0 /Users/viktorakerstedt/Local Sites/nordicfeedhorseline/app/public/wp-load.php(50): require_once()
#1 /Users/viktorakerstedt/Local Sites/nordicfeedhorseline/app/public/wp-admin/admin.php(34): require_once('/Users/viktorak...')
#2 /Users/viktorakerstedt/Local Sites/nordicfeedhorseline/app/public/wp-admin/site-health.php(10): require_once('/Users/viktorak...')
#3 {main}
  thrown in /Users/viktorakerstedt/Local Sites/nordicfeedhorseline/app/public/wp-config.php on line 88
[20-Jan-2025 09:16:45 UTC] PHP Fatal error:  Uncaught Error: Undefined constant "‘WP_MEMORY_LIMIT’" in /Users/viktorakerstedt/Local Sites/nordicfeedhorseline/app/public/wp-config.php:88
Stack trace:
#0 /Users/viktorakerstedt/Local Sites/nordicfeedhorseline/app/public/wp-load.php(50): require_once()
#1 /Users/viktorakerstedt/Local Sites/nordicfeedhorseline/app/public/wp-blog-header.php(13): require_once('/Users/viktorak...')
#2 /Users/viktorakerstedt/Local Sites/nordicfeedhorseline/app/public/index.php(17): require('/Users/viktorak...')
#3 {main}
  thrown in /Users/viktorakerstedt/Local Sites/nordicfeedhorseline/app/public/wp-config.php on line 88
[20-Jan-2025 09:16:45 UTC] PHP Fatal error:  Uncaught Error: Undefined constant "‘WP_MEMORY_LIMIT’" in /Users/viktorakerstedt/Local Sites/nordicfeedhorseline/app/public/wp-config.php:88
Stack trace:
#0 /Users/viktorakerstedt/Local Sites/nordicfeedhorseline/app/public/wp-load.php(50): require_once()
#1 /Users/viktorakerstedt/Local Sites/nordicfeedhorseline/app/public/wp-admin/admin.php(34): require_once('/Users/viktorak...')
#2 /Users/viktorakerstedt/Local Sites/nordicfeedhorseline/app/public/wp-admin/site-health.php(10): require_once('/Users/viktorak...')
#3 {main}
  thrown in /Users/viktorakerstedt/Local Sites/nordicfeedhorseline/app/public/wp-config.php on line 88
[20-Jan-2025 09:16:45 UTC] PHP Fatal error:  Uncaught Error: Undefined constant "‘WP_MEMORY_LIMIT’" in /Users/viktorakerstedt/Local Sites/nordicfeedhorseline/app/public/wp-config.php:88
Stack trace:
#0 /Users/viktorakerstedt/Local Sites/nordicfeedhorseline/app/public/wp-load.php(50): require_once()
#1 /Users/viktorakerstedt/Local Sites/nordicfeedhorseline/app/public/wp-blog-header.php(13): require_once('/Users/viktorak...')
#2 /Users/viktorakerstedt/Local Sites/nordicfeedhorseline/app/public/index.php(17): require('/Users/viktorak...')
#3 {main}
  thrown in /Users/viktorakerstedt/Local Sites/nordicfeedhorseline/app/public/wp-config.php on line 88
[20-Jan-2025 09:16:51 UTC] PHP Fatal error:  Uncaught Error: Undefined constant "‘WP_MEMORY_LIMIT’" in /Users/viktorakerstedt/Local Sites/nordicfeedhorseline/app/public/wp-config.php:88
Stack trace:
#0 /Users/viktorakerstedt/Local Sites/nordicfeedhorseline/app/public/wp-load.php(50): require_once()
#1 /Users/viktorakerstedt/Local Sites/nordicfeedhorseline/app/public/wp-admin/admin.php(34): require_once('/Users/viktorak...')
#2 /Users/viktorakerstedt/Local Sites/nordicfeedhorseline/app/public/wp-admin/index.php(10): require_once('/Users/viktorak...')
#3 {main}
  thrown in /Users/viktorakerstedt/Local Sites/nordicfeedhorseline/app/public/wp-config.php on line 88
[20-Jan-2025 09:16:51 UTC] PHP Fatal error:  Uncaught Error: Undefined constant "‘WP_MEMORY_LIMIT’" in /Users/viktorakerstedt/Local Sites/nordicfeedhorseline/app/public/wp-config.php:88
Stack trace:
#0 /Users/viktorakerstedt/Local Sites/nordicfeedhorseline/app/public/wp-load.php(50): require_once()
#1 /Users/viktorakerstedt/Local Sites/nordicfeedhorseline/app/public/wp-blog-header.php(13): require_once('/Users/viktorak...')
#2 /Users/viktorakerstedt/Local Sites/nordicfeedhorseline/app/public/index.php(17): require('/Users/viktorak...')
#3 {main}
  thrown in /Users/viktorakerstedt/Local Sites/nordicfeedhorseline/app/public/wp-config.php on line 88
[20-Jan-2025 09:22:26 UTC] PHP Warning:  Undefined array key "file" in /Users/viktorakerstedt/Local Sites/nordicfeedhorseline/app/public/wp-includes/media.php on line 1763
[20-Jan-2025 09:27:25 UTC] PHP Warning:  Undefined array key "file" in /Users/viktorakerstedt/Local Sites/nordicfeedhorseline/app/public/wp-includes/media.php on line 1763
[20-Jan-2025 09:37:56 UTC] PHP Warning:  Undefined array key "file" in /Users/viktorakerstedt/Local Sites/nordicfeedhorseline/app/public/wp-includes/media.php on line 1763
[20-Jan-2025 09:42:10 UTC] Fel vid borttagning av schemalagd händelse för åtgärds-hooken publish_future_post. Felkod: could_not_set, felmeddelande: Det gick inte att spara listan med cron-händelser., data: {"schedule":false,"args":["1725"]}
[20-Jan-2025 09:44:12 UTC] PHP Warning:  Undefined array key "file" in /Users/viktorakerstedt/Local Sites/nordicfeedhorseline/app/public/wp-includes/media.php on line 1763
[20-Jan-2025 09:54:05 UTC] PHP Warning:  Undefined array key "file" in /Users/viktorakerstedt/Local Sites/nordicfeedhorseline/app/public/wp-includes/media.php on line 1763
[20-Jan-2025 09:54:13 UTC] PHP Warning:  Undefined array key "file" in /Users/viktorakerstedt/Local Sites/nordicfeedhorseline/app/public/wp-includes/media.php on line 1763
[20-Jan-2025 09:56:24 UTC] PHP Warning:  Undefined array key "file" in /Users/viktorakerstedt/Local Sites/nordicfeedhorseline/app/public/wp-includes/media.php on line 1763
[20-Jan-2025 09:56:24 UTC] PHP Warning:  Undefined array key "file" in /Users/viktorakerstedt/Local Sites/nordicfeedhorseline/app/public/wp-includes/media.php on line 1763
[20-Jan-2025 10:02:13 UTC] PHP Warning:  Undefined array key "file" in /Users/viktorakerstedt/Local Sites/nordicfeedhorseline/app/public/wp-includes/media.php on line 1763
[20-Jan-2025 10:04:16 UTC] PHP Warning:  Undefined array key "file" in /Users/viktorakerstedt/Local Sites/nordicfeedhorseline/app/public/wp-includes/media.php on line 1763
[20-Jan-2025 10:05:12 UTC] PHP Warning:  Undefined array key "file" in /Users/viktorakerstedt/Local Sites/nordicfeedhorseline/app/public/wp-includes/media.php on line 1763
[20-Jan-2025 10:08:53 UTC] PHP Warning:  Undefined array key "file" in /Users/viktorakerstedt/Local Sites/nordicfeedhorseline/app/public/wp-includes/media.php on line 1763
[20-Jan-2025 10:10:30 UTC] PHP Warning:  Undefined array key "file" in /Users/viktorakerstedt/Local Sites/nordicfeedhorseline/app/public/wp-includes/media.php on line 1763
[20-Jan-2025 10:28:12 UTC] PHP Warning:  Undefined array key "file" in /Users/viktorakerstedt/Local Sites/nordicfeedhorseline/app/public/wp-includes/media.php on line 1763
[20-Jan-2025 10:44:37 UTC] PHP Warning:  Undefined array key "file" in /Users/viktorakerstedt/Local Sites/nordicfeedhorseline/app/public/wp-includes/media.php on line 1763
[20-Jan-2025 10:54:32 UTC] PHP Warning:  Undefined array key "file" in /Users/viktorakerstedt/Local Sites/nordicfeedhorseline/app/public/wp-includes/media.php on line 1763
[21-Jan-2025 10:23:03 UTC] PHP Warning:  Undefined array key "file" in /Users/viktorakerstedt/Local Sites/nordicfeedhorseline/app/public/wp-includes/media.php on line 1763
[21-Jan-2025 10:23:45 UTC] PHP Warning:  Undefined array key "file" in /Users/viktorakerstedt/Local Sites/nordicfeedhorseline/app/public/wp-includes/media.php on line 1763
[21-Jan-2025 10:24:19 UTC] PHP Warning:  Undefined array key "file" in /Users/viktorakerstedt/Local Sites/nordicfeedhorseline/app/public/wp-includes/media.php on line 1763
[21-Jan-2025 11:07:23 UTC] PHP Warning:  Undefined array key "file" in /Users/viktorakerstedt/Local Sites/nordicfeedhorseline/app/public/wp-includes/media.php on line 1763
[21-Jan-2025 17:01:51 UTC] PHP Warning:  Undefined array key "file" in /Users/viktorakerstedt/Local Sites/nordicfeedhorseline/app/public/wp-includes/media.php on line 1763
[23-Jan-2025 09:10:33 UTC] PHP Warning:  Undefined array key "file" in /Users/viktorakerstedt/Local Sites/nordicfeedhorseline/app/public/wp-includes/media.php on line 1763
[23-Jan-2025 09:28:01 UTC] PHP Warning:  Undefined array key "file" in /Users/viktorakerstedt/Local Sites/nordicfeedhorseline/app/public/wp-includes/media.php on line 1763
[23-Jan-2025 09:35:37 UTC] Fel vid förnyad schemalagd händelse för åtgärds-hooken action_scheduler_run_queue. Felkod: could_not_set, felmeddelande: Det gick inte att spara listan med cron-händelser., data: {"schedule":"every_minute","args":["WP Cron"],"interval":60}
[23-Jan-2025 09:51:35 UTC] PHP Warning:  Undefined array key "file" in /Users/viktorakerstedt/Local Sites/nordicfeedhorseline/app/public/wp-includes/media.php on line 1763
[23-Jan-2025 10:00:36 UTC] PHP Warning:  Undefined array key "file" in /Users/viktorakerstedt/Local Sites/nordicfeedhorseline/app/public/wp-includes/media.php on line 1763
[23-Jan-2025 10:04:15 UTC] PHP Warning:  Undefined array key "file" in /Users/viktorakerstedt/Local Sites/nordicfeedhorseline/app/public/wp-includes/media.php on line 1763
[23-Jan-2025 10:05:10 UTC] PHP Warning:  Undefined array key "file" in /Users/viktorakerstedt/Local Sites/nordicfeedhorseline/app/public/wp-includes/media.php on line 1763
[23-Jan-2025 10:12:18 UTC] PHP Warning:  Undefined array key "file" in /Users/viktorakerstedt/Local Sites/nordicfeedhorseline/app/public/wp-includes/media.php on line 1763
[23-Jan-2025 10:12:41 UTC] PHP Warning:  Undefined array key "file" in /Users/viktorakerstedt/Local Sites/nordicfeedhorseline/app/public/wp-includes/media.php on line 1763
[23-Jan-2025 10:14:00 UTC] Fel vid borttagning av schemalagd händelse för åtgärds-hooken publish_future_post. Felkod: could_not_set, felmeddelande: Det gick inte att spara listan med cron-händelser., data: {"schedule":false,"args":["1745"]}
[23-Jan-2025 10:14:07 UTC] PHP Warning:  Undefined array key "file" in /Users/viktorakerstedt/Local Sites/nordicfeedhorseline/app/public/wp-includes/media.php on line 1763
[23-Jan-2025 10:17:49 UTC] PHP Warning:  Undefined array key "file" in /Users/viktorakerstedt/Local Sites/nordicfeedhorseline/app/public/wp-includes/media.php on line 1763
[24-Jan-2025 09:25:45 UTC] PHP Warning:  Undefined array key "file" in /Users/viktorakerstedt/Local Sites/nordicfeedhorseline/app/public/wp-includes/media.php on line 1763
[24-Jan-2025 10:28:43 UTC] PHP Warning:  Undefined array key "file" in /Users/viktorakerstedt/Local Sites/nordicfeedhorseline/app/public/wp-includes/media.php on line 1763
[24-Jan-2025 12:20:37 UTC] Fel vid borttagning av schemalagd händelse för åtgärds-hooken publish_future_post. Felkod: could_not_set, felmeddelande: Det gick inte att spara listan med cron-händelser., data: {"schedule":false,"args":["1725"]}
[24-Jan-2025 12:21:44 UTC] PHP Warning:  Undefined array key "file" in /Users/viktorakerstedt/Local Sites/nordicfeedhorseline/app/public/wp-includes/media.php on line 1763
[24-Jan-2025 12:27:51 UTC] Fel vid borttagning av schemalagd händelse för åtgärds-hooken publish_future_post. Felkod: could_not_set, felmeddelande: Det gick inte att spara listan med cron-händelser., data: {"schedule":false,"args":["1745"]}
[24-Jan-2025 12:39:05 UTC] PHP Warning:  Undefined array key "file" in /Users/viktorakerstedt/Local Sites/nordicfeedhorseline/app/public/wp-includes/media.php on line 1763
[24-Jan-2025 13:14:37 UTC] Fel vid borttagning av schemalagd händelse för åtgärds-hooken publish_future_post. Felkod: could_not_set, felmeddelande: Det gick inte att spara listan med cron-händelser., data: {"schedule":false,"args":["1745"]}
[24-Jan-2025 13:14:40 UTC] PHP Warning:  Undefined array key "file" in /Users/viktorakerstedt/Local Sites/nordicfeedhorseline/app/public/wp-includes/media.php on line 1763
[24-Jan-2025 13:23:18 UTC] PHP Warning:  unlink(/Users/viktorakerstedt/Local Sites/nordicfeedhorseline/app/public/wp-content/uploads/elementor/css/post-129.css): No such file or directory in /Users/viktorakerstedt/Local Sites/nordicfeedhorseline/app/public/wp-content/plugins/elementor/core/files/manager.php on line 112
[24-Jan-2025 13:23:18 UTC] PHP Warning:  unlink(/Users/viktorakerstedt/Local Sites/nordicfeedhorseline/app/public/wp-content/uploads/elementor/css/post-159.css): No such file or directory in /Users/viktorakerstedt/Local Sites/nordicfeedhorseline/app/public/wp-content/plugins/elementor/core/files/manager.php on line 112
[24-Jan-2025 13:23:18 UTC] PHP Warning:  unlink(/Users/viktorakerstedt/Local Sites/nordicfeedhorseline/app/public/wp-content/uploads/elementor/css/post-17.css): No such file or directory in /Users/viktorakerstedt/Local Sites/nordicfeedhorseline/app/public/wp-content/plugins/elementor/core/files/manager.php on line 112
[24-Jan-2025 13:23:18 UTC] PHP Warning:  unlink(/Users/viktorakerstedt/Local Sites/nordicfeedhorseline/app/public/wp-content/uploads/elementor/css/post-174312.css): No such file or directory in /Users/viktorakerstedt/Local Sites/nordicfeedhorseline/app/public/wp-content/plugins/elementor/core/files/manager.php on line 112
[24-Jan-2025 13:23:18 UTC] PHP Warning:  unlink(/Users/viktorakerstedt/Local Sites/nordicfeedhorseline/app/public/wp-content/uploads/elementor/css/post-245263.css): No such file or directory in /Users/viktorakerstedt/Local Sites/nordicfeedhorseline/app/public/wp-content/plugins/elementor/core/files/manager.php on line 112
[24-Jan-2025 13:23:18 UTC] PHP Warning:  unlink(/Users/viktorakerstedt/Local Sites/nordicfeedhorseline/app/public/wp-content/uploads/elementor/css/post-245266.css): No such file or directory in /Users/viktorakerstedt/Local Sites/nordicfeedhorseline/app/public/wp-content/plugins/elementor/core/files/manager.php on line 112
[24-Jan-2025 13:23:18 UTC] PHP Warning:  unlink(/Users/viktorakerstedt/Local Sites/nordicfeedhorseline/app/public/wp-content/uploads/elementor/css/post-251767.css): No such file or directory in /Users/viktorakerstedt/Local Sites/nordicfeedhorseline/app/public/wp-content/plugins/elementor/core/files/manager.php on line 112
[24-Jan-2025 13:23:18 UTC] PHP Warning:  unlink(/Users/viktorakerstedt/Local Sites/nordicfeedhorseline/app/public/wp-content/uploads/elementor/css/post-251839.css): No such file or directory in /Users/viktorakerstedt/Local Sites/nordicfeedhorseline/app/public/wp-content/plugins/elementor/core/files/manager.php on line 112
[24-Jan-2025 13:23:18 UTC] PHP Warning:  unlink(/Users/viktorakerstedt/Local Sites/nordicfeedhorseline/app/public/wp-content/uploads/elementor/css/post-36.css): No such file or directory in /Users/viktorakerstedt/Local Sites/nordicfeedhorseline/app/public/wp-content/plugins/elementor/core/files/manager.php on line 112
[24-Jan-2025 13:23:18 UTC] PHP Warning:  unlink(/Users/viktorakerstedt/Local Sites/nordicfeedhorseline/app/public/wp-content/uploads/elementor/css/post-6.css): No such file or directory in /Users/viktorakerstedt/Local Sites/nordicfeedhorseline/app/public/wp-content/plugins/elementor/core/files/manager.php on line 112
[24-Jan-2025 13:25:18 UTC] Fel vid förnyad schemalagd händelse för åtgärds-hooken elementor_1_elementor_pro_updater_cron. Felkod: invalid_schedule, felmeddelande: Schema för händelsen saknas., data: {"schedule":"elementor_1_elementor_pro_updater_cron_interval","args":[],"interval":300}
[24-Jan-2025 13:30:29 UTC] PHP Warning:  Undefined array key "file" in /Users/viktorakerstedt/Local Sites/nordicfeedhorseline/app/public/wp-includes/media.php on line 1763
[24-Jan-2025 13:35:13 UTC] PHP Warning:  Undefined array key "file" in /Users/viktorakerstedt/Local Sites/nordicfeedhorseline/app/public/wp-includes/media.php on line 1763
[24-Jan-2025 14:18:41 UTC] PHP Warning:  Undefined array key "file" in /Users/viktorakerstedt/Local Sites/nordicfeedhorseline/app/public/wp-includes/media.php on line 1763
[24-Jan-2025 14:19:24 UTC] Fel vid borttagning av schemalagd händelse för åtgärds-hooken publish_future_post. Felkod: could_not_set, felmeddelande: Det gick inte att spara listan med cron-händelser., data: {"schedule":false,"args":["1725"]}
[24-Jan-2025 14:54:24 UTC] PHP Warning:  Undefined array key "file" in /Users/viktorakerstedt/Local Sites/nordicfeedhorseline/app/public/wp-includes/media.php on line 1763
[24-Jan-2025 14:54:42 UTC] PHP Warning:  Undefined array key "file" in /Users/viktorakerstedt/Local Sites/nordicfeedhorseline/app/public/wp-includes/media.php on line 1763
[27-Jan-2025 13:31:27 UTC] PHP Warning:  Undefined array key "file" in /Users/viktorakerstedt/Local Sites/nordicfeedhorseline/app/public/wp-includes/media.php on line 1763
[27-Jan-2025 13:45:12 UTC] PHP Warning:  Undefined array key "file" in /Users/viktorakerstedt/Local Sites/nordicfeedhorseline/app/public/wp-includes/media.php on line 1763
